[13:31:27] [main/INFO]: Environment: authHost='https://authserver.mojang.com', accountsHost='https://api.mojang.com', sessionHost='https://sessionserver.mojang.com', servicesHost='https://api.minecraftservices.com', name='PROD'
[13:31:27] [main/INFO]: Reloading ResourceManager: Default, bukkit
[13:31:28] [Worker-Main-1/INFO]: Loaded 7 recipes
[13:31:29] [Server thread/INFO]: Starting minecraft server version 1.17.1
[13:31:29] [Server thread/INFO]: Loading properties
[13:31:29] [Server thread/INFO]: This server is running Purpur version git-Purpur-1428 (MC: 1.17.1) (Implementing API version 1.17.1-R0.1-SNAPSHOT) (Git: 9beb23b on ver/1.17.1)
[13:31:29] [Server thread/INFO]: Server Ping Player Sample Count: 12
[13:31:29] [Server thread/INFO]: Using 4 threads for Netty based IO
[13:31:30] [Server thread/INFO]: Default game type: SURVIVAL
[13:31:30] [Server thread/INFO]: Generating keypair
[13:31:30] [Server thread/INFO]: Starting Minecraft server on *:25565
[13:31:30] [Server thread/INFO]: Using epoll channel type
[13:31:30] [Server thread/INFO]: Paper: Using libdeflate (Linux x86_64) compression from Velocity.
[13:31:30] [Server thread/INFO]: Paper: Using OpenSSL 1.1.x (Linux x86_64) cipher from Velocity.
[13:31:30] [Server thread/INFO]: [ViaVersion] Loading ViaVersion v4.9.3
[13:31:30] [Server thread/INFO]: [ViaVersion] ViaVersion 4.9.3 is now loaded. Registering protocol transformers and injecting...
[13:31:31] [Via-Mappingloader-0/INFO]: [ViaVersion] Loading block connection mappings ...
[13:31:31] [Via-Mappingloader-0/INFO]: [ViaVersion] Using FastUtil Long2ObjectOpenHashMap for block connections
[13:31:31] [Server thread/INFO]: [ViaBackwards] Loading translations...
[13:31:31] [Server thread/INFO]: [ViaBackwards] Registering protocols...
[13:31:31] [Server thread/INFO]: [ViaBackwards] Loading ViaBackwards v4.9.2
[13:31:31] [Server thread/INFO]: [ViaRewind] Loading ViaRewind v3.0.6
[13:31:31] [Server thread/INFO]: [ViaRewind-Legacy-Support] Loading ViaRewind-Legacy-Support v1.4.2
[13:31:31] [Server thread/INFO]: Server permissions file permissions.yml is empty, ignoring it
[13:31:31] [Server thread/INFO]: [ViaRewind] Enabling ViaRewind v3.0.6
[13:31:31] [Server thread/WARN]: **** SERVER IS RUNNING IN OFFLINE/INSECURE MODE!
[13:31:31] [Server thread/WARN]: The server will make no attempt to authenticate usernames. Beware.
[13:31:31] [Server thread/WARN]: Whilst this makes it possible to use BungeeCord or Velocity, unless access to your server is properly restricted, it also opens up the ability for hackers to connect with any username they choose.
[13:31:31] [Server thread/WARN]: Please see http://www.spigotmc.org/wiki/firewall-guide/ for further information.
[13:31:31] [Server thread/WARN]: To change this, set "online-mode" to "true" in the server.properties file.
[13:31:31] [Server thread/INFO]: Preparing level "world"
[13:31:32] [Server thread/INFO]: Preparing start region for dimension minecraft:overworld
[13:31:32] [Server thread/INFO]: Time elapsed: 346 ms
[13:31:32] [Server thread/INFO]: Preparing start region for dimension minecraft:the_nether
[13:31:32] [Server thread/INFO]: Time elapsed: 199 ms
[13:31:32] [Server thread/INFO]: Preparing start region for dimension minecraft:the_end
[13:31:33] [Server thread/INFO]: Time elapsed: 218 ms
[13:31:33] [Server thread/INFO]: [ViaVersion] Enabling ViaVersion v4.9.3
[13:31:33] [Server thread/INFO]: [ViaVersion] ViaVersion detected server version: 1.17.1 (756)
[13:31:33] [Server thread/INFO]: [ViaBackwards] Enabling ViaBackwards v4.9.2
[13:31:33] [Server thread/INFO]: [ViaRewind-Legacy-Support] Enabling ViaRewind-Legacy-Support v1.4.2
[13:31:33] [Server thread/INFO]: Running delayed init tasks
[13:31:33] [Craft Scheduler Thread - 2 - ViaVersion/INFO]: [ViaVersion] Finished mapping loading, shutting down loader executor!
[13:31:33] [Server thread/INFO]: Done (3.984s)! For help, type "help"
[13:31:33] [Server thread/INFO]: Timings Reset
[13:31:34] [Server thread/WARN]: [ViaVersion] There is a newer plugin version available: 5.0.3, you're on: 4.9.3
[13:31:49] [User Authenticator #1/INFO]: UUID of player sher is 9970062f-0aa4-39e2-9d1a-136db5b6bc95
[13:31:49] [Netty Epoll Server IO #1/WARN]: [ViaBackwards] Ignoring plugin channel in incoming REGISTER: EAG|UpdateCert-1.8
[13:31:49] [Netty Epoll Server IO #1/WARN]: [ViaBackwards] Ignoring plugin channel in incoming REGISTER: FML
[13:31:49] [Netty Epoll Server IO #1/WARN]: [ViaBackwards] Ignoring plugin channel in incoming REGISTER: EAG|Skins-1.8
[13:31:49] [Netty Epoll Server IO #1/WARN]: [ViaBackwards] Ignoring plugin channel in incoming REGISTER: FORGE
[13:31:49] [Server thread/INFO]: sher joined the game
[13:31:49] [Server thread/INFO]: sher[/[0:0:0:0:0:0:0:1]:60882] logged in with entity id 311 at ([world]35.45934560153057, 72.0, 25.779594074442127)
[13:42:21] [Server thread/INFO]: sher issued server command: /give sher flint 26
[13:42:21] [Server thread/INFO]: [sher: Gave 26 [Flint] to sher]
[14:02:07] [Server thread/INFO]: sher lost connection: Disconnected
[14:02:07] [Server thread/INFO]: sher left the game
[14:04:45] [User Authenticator #2/INFO]: UUID of player Gambit is fc4b04a4-571c-3e00-8354-c038e16ccc1b
[14:04:45] [Server thread/INFO]: Gambit joined the game
[14:04:45] [Server thread/INFO]: Gambit[/[0:0:0:0:0:0:0:1]:55246] logged in with entity id 3536 at ([world]31.36539487471938, 70.0, -22.08904404699187)
[14:04:45] [Netty Epoll Server IO #2/WARN]: [ViaBackwards] Ignoring plugin channel in incoming REGISTER: EAG|UpdateCert-1.8
[14:04:45] [Netty Epoll Server IO #2/WARN]: [ViaBackwards] Ignoring plugin channel in incoming REGISTER: FML
[14:04:45] [Netty Epoll Server IO #2/WARN]: [ViaBackwards] Ignoring plugin channel in incoming REGISTER: EAG|Skins-1.8
[14:04:45] [Netty Epoll Server IO #2/WARN]: [ViaBackwards] Ignoring plugin channel in incoming REGISTER: FORGE
[14:06:07] [Server thread/INFO]: Gambit lost connection: Disconnected
[14:06:07] [Server thread/INFO]: Gambit left the game
[14:08:26] [User Authenticator #3/INFO]: UUID of player sher is 9970062f-0aa4-39e2-9d1a-136db5b6bc95
[14:08:26] [Server thread/INFO]: sher joined the game
[14:08:26] [Server thread/INFO]: sher[/[0:0:0:0:0:0:0:1]:51326] logged in with entity id 3826 at ([world]-1.3000000119209285, 72.0, 23.30000001192093)
[14:08:26] [Netty Epoll Server IO #3/WARN]: [ViaBackwards] Ignoring plugin channel in incoming REGISTER: EAG|UpdateCert-1.8
[14:08:26] [Netty Epoll Server IO #3/WARN]: [ViaBackwards] Ignoring plugin channel in incoming REGISTER: FML
[14:08:26] [Netty Epoll Server IO #3/WARN]: [ViaBackwards] Ignoring plugin channel in incoming REGISTER: EAG|Skins-1.8
[14:08:26] [Netty Epoll Server IO #3/WARN]: [ViaBackwards] Ignoring plugin channel in incoming REGISTER: FORGE
[14:25:10] [User Authenticator #4/INFO]: UUID of player Gambit is fc4b04a4-571c-3e00-8354-c038e16ccc1b
[14:25:10] [Netty Epoll Server IO #0/WARN]: [ViaBackwards] Ignoring plugin channel in incoming REGISTER: EAG|UpdateCert-1.8
[14:25:10] [Netty Epoll Server IO #0/WARN]: [ViaBackwards] Ignoring plugin channel in incoming REGISTER: FML
[14:25:10] [Netty Epoll Server IO #0/WARN]: [ViaBackwards] Ignoring plugin channel in incoming REGISTER: EAG|Skins-1.8
[14:25:10] [Netty Epoll Server IO #0/WARN]: [ViaBackwards] Ignoring plugin channel in incoming REGISTER: FORGE
[14:25:10] [Server thread/INFO]: Gambit joined the game
[14:25:10] [Server thread/INFO]: Gambit[/[0:0:0:0:0:0:0:1]:47562] logged in with entity id 5424 at ([world]28.455088289758596, 72.0, 23.002668714997824)
[14:25:18] [Async Chat Thread - #0/INFO]: <Gambit> I invited Carter
[14:25:26] [Netty Epoll Server IO #0/WARN]: [ViaBackwards] Ignoring incoming plugin message with channel: EAG|Capes-1.8
[14:25:29] [Async Chat Thread - #0/INFO]: <sher> who?
[14:25:36] [Async Chat Thread - #0/INFO]: <Gambit> Kaz
[14:25:36] [Netty Epoll Server IO #3/WARN]: [ViaBackwards] Ignoring incoming plugin message with channel: EAG|Capes-1.8
[14:25:43] [Async Chat Thread - #0/INFO]: <Gambit> however u spell his lastname
[14:25:43] [Async Chat Thread - #0/INFO]: <sher> oh whats his user?
[14:25:46] [Async Chat Thread - #0/INFO]: <Gambit> idk
[14:25:49] [Async Chat Thread - #0/INFO]: <sher> I have to whitelist
[14:26:00] [Netty Epoll Server IO #0/WARN]: [ViaBackwards] Ignoring incoming plugin message with channel: EAG|Capes-1.8
[14:26:01] [Async Chat Thread - #0/INFO]: <sher> don't add him to the team
[14:26:19] [Netty Epoll Server IO #3/WARN]: [ViaBackwards] Ignoring incoming plugin message with channel: EAG|Capes-1.8
[14:26:21] [Async Chat Thread - #0/INFO]: <Gambit> Critr
[14:26:29] [Async Chat Thread - #0/INFO]: <sher> k
[14:26:30] [Netty Epoll Server IO #0/WARN]: [ViaBackwards] Ignoring incoming plugin message with channel: EAG|Capes-1.8
[14:26:32] [Async Chat Thread - #0/INFO]: <Gambit> is what he says he will add
[14:26:50] [Netty Epoll Server IO #3/WARN]: [ViaBackwards] Ignoring incoming plugin message with channel: EAG|Capes-1.8
[14:26:53] [Server thread/INFO]: Added critr to the whitelist
[14:27:01] [Netty Epoll Server IO #0/WARN]: [ViaBackwards] Ignoring incoming plugin message with channel: EAG|Capes-1.8
[14:27:20] [Netty Epoll Server IO #3/WARN]: [ViaBackwards] Ignoring incoming plugin message with channel: EAG|Capes-1.8
[14:27:34] [Async Chat Thread - #1/INFO]: <sher> chill
[14:27:36] [Netty Epoll Server IO #0/WARN]: [ViaBackwards] Ignoring incoming plugin message with channel: EAG|Capes-1.8
[14:27:45] [Async Chat Thread - #1/INFO]: <sher> I have 64 iron from mining
[14:27:50] [Netty Epoll Server IO #3/WARN]: [ViaBackwards] Ignoring incoming plugin message with channel: EAG|Capes-1.8
[14:28:14] [Netty Epoll Server IO #0/WARN]: [ViaBackwards] Ignoring incoming plugin message with channel: EAG|Capes-1.8
[14:28:20] [Async Chat Thread - #1/INFO]: <Gambit> u jumpscared me
[14:28:32] [Netty Epoll Server IO #3/WARN]: [ViaBackwards] Ignoring incoming plugin message with channel: EAG|Capes-1.8
[14:28:50] [Server thread/INFO]: Gambit issued server command: /give Gambit torch 128
[14:28:50] [Server thread/INFO]: [Gambit: Gave 128 [Torch] to Gambit]
[14:28:54] [Netty Epoll Server IO #0/WARN]: [ViaBackwards] Ignoring incoming plugin message with channel: EAG|Capes-1.8
[14:29:01] [Async Chat Thread - #1/INFO]: <sher> :/
[14:29:49] [Async Chat Thread - #1/INFO]: <Gambit> huge ass ravine
[14:30:23] [Async Chat Thread - #1/INFO]: <sher> W
[14:30:33] [Async Chat Thread - #1/INFO]: <sher> log server is going down
[14:30:40] [Netty Epoll Server IO #3/WARN]: [ViaBackwards] Ignoring incoming plugin message with channel: EAG|Capes-1.8
[14:30:53] [Server thread/INFO]: sher lost connection: Disconnected
[14:30:53] [Server thread/INFO]: sher left the game
[14:30:54] [Server thread/INFO]: Gambit lost connection: Disconnected
[14:30:54] [Server thread/INFO]: Gambit left the game
[14:31:00] [Server thread/INFO]: Saving the game (this may take a moment!)
[14:31:00] [Server thread/INFO]: Saved the game
[14:31:01] [Server thread/INFO]: Stopping the server
[14:31:01] [Server thread/INFO]: Stopping server
[14:31:01] [Server thread/INFO]: [ViaRewind-Legacy-Support] Disabling ViaRewind-Legacy-Support v1.4.2
[14:31:01] [Server thread/INFO]: [ViaRewind] Disabling ViaRewind v3.0.6
[14:31:01] [Server thread/INFO]: [ViaBackwards] Disabling ViaBackwards v4.9.2
[14:31:01] [Server thread/INFO]: [ViaVersion] Disabling ViaVersion v4.9.3
[14:31:01] [Server thread/INFO]: [ViaVersion] ViaVersion is disabling, if this is a reload and you experience issues consider rebooting.
[14:31:01] [Server thread/INFO]: Saving players
[14:31:01] [Server thread/INFO]: Saving worlds
[14:31:01] [Server thread/INFO]: Saving chunks for level 'ServerLevel[world]'/minecraft:overworld
[14:31:02] [Server thread/INFO]: Saving chunks for level 'ServerLevel[world_nether]'/minecraft:the_nether
[14:31:02] [Server thread/INFO]: Saving chunks for level 'ServerLevel[world_the_end]'/minecraft:the_end
[14:31:02] [Server thread/INFO]: ThreadedAnvilChunkStorage (world): All chunks are saved
[14:31:02] [Server thread/INFO]: ThreadedAnvilChunkStorage (DIM-1): All chunks are saved
[14:31:02] [Server thread/INFO]: ThreadedAnvilChunkStorage (DIM1): All chunks are saved
[14:31:02] [Server thread/INFO]: ThreadedAnvilChunkStorage: All dimensions are saved
[14:31:02] [Server thread/INFO]: Flushing Chunk IO
[14:31:02] [Server thread/INFO]: Closing Thread Pool
[14:31:02] [Server thread/INFO]: Closing Server
