[12:12:55] [main/INFO]: Using mbed TLS based native cipher.
[12:12:55] [main/INFO]: Using zlib based native compressor.
[12:12:55] [main/INFO]: Enabled Waterfall version git:Waterfall-Bootstrap:1.20-R0.2-SNAPSHOT:92b5149:562
[12:12:55] [main/INFO]: Not on Windows, attempting to use enhanced EpollEventLoop
[12:12:55] [main/INFO]: Epoll is working, utilising it!
[12:12:55] [main/INFO]: Discovered module: ModuleSpec(name=cmd_alert, file=modules/cmd_alert.jar, provider=JenkinsModuleSource())
[12:12:55] [main/INFO]: Discovered module: ModuleSpec(name=cmd_find, file=modules/cmd_find.jar, provider=JenkinsModuleSource())
[12:12:55] [main/INFO]: Discovered module: ModuleSpec(name=cmd_list, file=modules/cmd_list.jar, provider=JenkinsModuleSource())
[12:12:55] [main/INFO]: Discovered module: ModuleSpec(name=cmd_send, file=modules/cmd_send.jar, provider=JenkinsModuleSource())
[12:12:55] [main/INFO]: Discovered module: ModuleSpec(name=cmd_server, file=modules/cmd_server.jar, provider=JenkinsModuleSource())
[12:12:55] [main/INFO]: Discovered module: ModuleSpec(name=reconnect_yaml, file=modules/reconnect_yaml.jar, provider=JenkinsModuleSource())
[12:12:55] [main/INFO]: Loaded plugin reconnect_yaml version git:reconnect_yaml:1.20-R0.2-SNAPSHOT:92b5149:562 by WaterfallMC
[12:12:55] [main/INFO]: Loaded plugin cmd_find version git:cmd_find:1.20-R0.2-SNAPSHOT:92b5149:562 by WaterfallMC
[12:12:55] [main/INFO]: Loaded plugin cmd_server version git:cmd_server:1.20-R0.2-SNAPSHOT:92b5149:562 by WaterfallMC
[12:12:55] [main/INFO]: Loaded plugin cmd_alert version git:cmd_alert:1.20-R0.2-SNAPSHOT:92b5149:562 by WaterfallMC
[12:12:55] [main/INFO]: Loaded plugin cmd_send version git:cmd_send:1.20-R0.2-SNAPSHOT:92b5149:562 by WaterfallMC
[12:12:55] [main/INFO]: Loaded plugin cmd_list version git:cmd_list:1.20-R0.2-SNAPSHOT:92b5149:562 by WaterfallMC
[12:12:55] [main/WARN]: :>:>:>:>:>:>:>:>:>:>:>:>:>:>:>:>:>:>:>:>:>:>:>
[12:12:55] [main/WARN]: :>  
[12:12:55] [main/WARN]: :>      EAGLERCRAFTXBUNGEE WARNING:
[12:12:55] [main/WARN]: :>  
[12:12:55] [main/WARN]: :>  This plugin wasn't tested to be 'working'
[12:12:55] [main/WARN]: :>  with ANY version of BungeeCord (and forks)
[12:12:55] [main/WARN]: :>  apart from the versions listed below:
[12:12:55] [main/WARN]: :>  
[12:12:55] [main/WARN]: :>  - BungeeCord: 1.20-R0.3-SNAPSHOT:eda268b:1797
[12:12:55] [main/WARN]: :>  - Waterfall: 1.20-R0.2-SNAPSHOT:92b5149:562
[12:12:55] [main/WARN]: :>  - FlameCord: 1.1.1
[12:12:55] [main/WARN]: :>  
[12:12:55] [main/WARN]: :>  This is not a Bukkit/Spigot plugin!
[12:12:55] [main/WARN]: :>  
[12:12:55] [main/WARN]: :>  Use "-Deaglerxbungee.stfu=true" to hide
[12:12:55] [main/WARN]: :>  
[12:12:55] [main/WARN]: :>:>:>:>:>:>:>:>:>:>:>:>:>:>:>:>:>:>:>:>:>:>:>
[12:12:55] [main/INFO]: Loaded plugin EaglercraftXBungee version 1.0.10 by lax1dude
[12:12:55] [main/WARN]: Forced host server pvp is not defined
[12:12:55] [main/INFO]: Enabled plugin reconnect_yaml version git:reconnect_yaml:1.20-R0.2-SNAPSHOT:92b5149:562 by WaterfallMC
[12:12:55] [main/INFO]: Enabled plugin cmd_find version git:cmd_find:1.20-R0.2-SNAPSHOT:92b5149:562 by WaterfallMC
[12:12:55] [main/INFO]: Enabled plugin cmd_server version git:cmd_server:1.20-R0.2-SNAPSHOT:92b5149:562 by WaterfallMC
[12:12:55] [main/INFO]: Enabled plugin cmd_alert version git:cmd_alert:1.20-R0.2-SNAPSHOT:92b5149:562 by WaterfallMC
[12:12:55] [main/INFO]: Enabled plugin cmd_send version git:cmd_send:1.20-R0.2-SNAPSHOT:92b5149:562 by WaterfallMC
[12:12:55] [main/INFO]: Enabled plugin cmd_list version git:cmd_list:1.20-R0.2-SNAPSHOT:92b5149:562 by WaterfallMC
[12:12:55] [main/ERROR] [EaglercraftXBungee]: Online mode is set to false! Authentication system has been disabled
[12:12:55] [Netty Worker IO Thread #0/INFO] [EaglercraftXBungee]: Eaglercraft is listening on: /0.0.0.0:8081
[12:12:55] [main/INFO] [EaglercraftXBungee]: Connected to database: jdbc:sqlite:eaglercraft_skins_cache.db
[12:12:55] [main/INFO]: Enabled plugin EaglercraftXBungee version 1.0.10 by lax1dude
[12:12:55] [Netty Boss IO Thread #0/INFO]: Listening on /0.0.0.0:25577
[12:12:56] [EaglerXBungee: Network Tick Tasks/INFO] [EaglercraftXBungee]: Loaded certificate: /workspaces/1.17-sher/waterfall/plugins/EaglercraftXBungee/eagcert/$dl.2c63d6a9be9d273db57d50cb026093cb97ea6e54.cert
[12:13:05] [Netty Worker IO Thread #1/INFO] [EaglercraftXBungee]: [/[0:0:0:0:0:0:0:1%0]:60860]: Connected via websocket
[12:13:05] [Netty Worker IO Thread #1/INFO] [EaglercraftXBungee]: [/[0:0:0:0:0:0:0:1%0]:60860]: Origin header is null
[12:13:06] [Netty Worker IO Thread #1/INFO] [EaglercraftXBungee]: [/[0:0:0:0:0:0:0:1%0]:60860]: Logged in as 'sher'
[12:13:06] [Netty Worker IO Thread #1/INFO]: [/[0:0:0:0:0:0:0:1%0]:60860|sher] -> UpstreamBridge has connected
[12:13:06] [Netty Worker IO Thread #1/INFO]: [sher|/[0:0:0:0:0:0:0:1%0]:60860] <-> ServerConnector [lobby] has connected
[12:13:10] [Netty Worker IO Thread #2/WARN] [EaglercraftXBungee]: Server icon is not a file: /workspaces/1.17-sher/waterfall/server-icon.png
[12:13:13] [Netty Worker IO Thread #3/INFO] [EaglercraftXBungee]: [/[0:0:0:0:0:0:0:1%0]:36002]: Connected via websocket
[12:13:13] [Netty Worker IO Thread #3/INFO] [EaglercraftXBungee]: [/[0:0:0:0:0:0:0:1%0]:36002]: Origin header is null
[12:13:14] [Netty Worker IO Thread #3/INFO] [EaglercraftXBungee]: [/[0:0:0:0:0:0:0:1%0]:36002]: Logged in as 'Gambit'
[12:13:14] [Netty Worker IO Thread #3/INFO]: [/[0:0:0:0:0:0:0:1%0]:36002|Gambit] -> UpstreamBridge has connected
[12:13:14] [Netty Worker IO Thread #3/INFO]: [Gambit|/[0:0:0:0:0:0:0:1%0]:36002] <-> ServerConnector [lobby] has connected
[12:20:16] [Netty Worker IO Thread #3/INFO]: [/[0:0:0:0:0:0:0:1%0]:36002|Gambit] -> UpstreamBridge has disconnected
[12:20:16] [Netty Worker IO Thread #3/INFO]: [Gambit] disconnected with: Proxy lost connection to server.
[12:20:17] [Netty Worker IO Thread #3/INFO]: [/[0:0:0:0:0:0:0:1%0]:36002|Gambit] <-> DownstreamBridge <-> [lobby] has disconnected
[12:31:52] [Netty Worker IO Thread #1/INFO]: [/[0:0:0:0:0:0:0:1%0]:60860|sher] -> UpstreamBridge has disconnected
[12:31:52] [Netty Worker IO Thread #1/INFO]: [sher] disconnected with: Proxy lost connection to server.
[12:31:52] [Netty Worker IO Thread #1/INFO]: [/[0:0:0:0:0:0:0:1%0]:60860|sher] <-> DownstreamBridge <-> [lobby] has disconnected
[12:36:45] [Netty Worker IO Thread #7/INFO] [EaglercraftXBungee]: [/[0:0:0:0:0:0:0:1%0]:58482]: Connected via websocket
[12:36:45] [Netty Worker IO Thread #7/INFO] [EaglercraftXBungee]: [/[0:0:0:0:0:0:0:1%0]:58482]: Origin header is null
[12:36:45] [Netty Worker IO Thread #7/INFO] [EaglercraftXBungee]: [/[0:0:0:0:0:0:0:1%0]:58482]: Logged in as 'sher'
[12:36:45] [Netty Worker IO Thread #7/INFO]: [/[0:0:0:0:0:0:0:1%0]:58482|sher] -> UpstreamBridge has connected
[12:36:45] [Netty Worker IO Thread #7/INFO]: [sher|/[0:0:0:0:0:0:0:1%0]:58482] <-> ServerConnector [lobby] has connected
[12:48:20] [Netty Worker IO Thread #2/INFO] [EaglercraftXBungee]: [/[0:0:0:0:0:0:0:1%0]:38900]: Connected via websocket
[12:48:20] [Netty Worker IO Thread #2/INFO] [EaglercraftXBungee]: [/[0:0:0:0:0:0:0:1%0]:38900]: Origin header is null
[12:48:20] [Netty Worker IO Thread #2/INFO] [EaglercraftXBungee]: [/[0:0:0:0:0:0:0:1%0]:38900]: Logged in as 'Gambit'
[12:48:20] [Netty Worker IO Thread #2/INFO]: [/[0:0:0:0:0:0:0:1%0]:38900|Gambit] -> UpstreamBridge has connected
[12:48:20] [Netty Worker IO Thread #2/INFO]: [Gambit|/[0:0:0:0:0:0:0:1%0]:38900] <-> ServerConnector [lobby] has connected
[13:01:16] [Netty Worker IO Thread #2/INFO]: [/[0:0:0:0:0:0:0:1%0]:38900|Gambit] -> UpstreamBridge has disconnected
[13:01:16] [Netty Worker IO Thread #2/INFO]: [Gambit] disconnected with: Proxy lost connection to server.
[13:01:16] [Netty Worker IO Thread #2/INFO]: [/[0:0:0:0:0:0:0:1%0]:38900|Gambit] <-> DownstreamBridge <-> [lobby] has disconnected
[13:01:19] [Netty Worker IO Thread #7/INFO]: [/[0:0:0:0:0:0:0:1%0]:58482|sher] -> UpstreamBridge has disconnected
[13:01:19] [Netty Worker IO Thread #7/INFO]: [sher] disconnected with: Proxy lost connection to server.
[13:01:19] [Netty Worker IO Thread #7/INFO]: [/[0:0:0:0:0:0:0:1%0]:58482|sher] <-> DownstreamBridge <-> [lobby] has disconnected
[13:11:24] [Netty Worker IO Thread #7/INFO] [EaglercraftXBungee]: [/[0:0:0:0:0:0:0:1%0]:37830]: Connected via websocket
[13:11:24] [Netty Worker IO Thread #7/INFO] [EaglercraftXBungee]: [/[0:0:0:0:0:0:0:1%0]:37830]: Origin header is null
[13:11:24] [Netty Worker IO Thread #7/INFO] [EaglercraftXBungee]: [/[0:0:0:0:0:0:0:1%0]:37830]: Logged in as 'sher'
[13:11:24] [Netty Worker IO Thread #7/INFO]: [/[0:0:0:0:0:0:0:1%0]:37830|sher] -> UpstreamBridge has connected
[13:11:24] [Netty Worker IO Thread #7/WARN]: Error occurred processing connection for sher AnnotatedConnectException : finishConnect(..) failed: Connection refused: localhost/127.0.0.1:25565
[13:11:24] [Netty Worker IO Thread #7/INFO]: [sher] disconnected with: Could not connect to a default or fallback server. Incorrectly configured address/port/firewall? 
[13:11:24] [Netty Worker IO Thread #7/INFO]: [/[0:0:0:0:0:0:0:1%0]:37830|sher] -> UpstreamBridge has disconnected
[13:30:37] [Netty Worker IO Thread #2/INFO] [EaglercraftXBungee]: [/[0:0:0:0:0:0:0:1%0]:44168]: Connected via websocket
[13:30:37] [Netty Worker IO Thread #2/INFO] [EaglercraftXBungee]: [/[0:0:0:0:0:0:0:1%0]:44168]: Origin header is null
[13:30:37] [Netty Worker IO Thread #2/INFO] [EaglercraftXBungee]: [/[0:0:0:0:0:0:0:1%0]:44168]: Logged in as 'sher'
[13:30:37] [Netty Worker IO Thread #2/INFO]: [/[0:0:0:0:0:0:0:1%0]:44168|sher] -> UpstreamBridge has connected
[13:30:37] [Netty Worker IO Thread #2/WARN]: Error occurred processing connection for sher AnnotatedConnectException : finishConnect(..) failed: Connection refused: localhost/127.0.0.1:25565
[13:30:37] [Netty Worker IO Thread #2/INFO]: [sher] disconnected with: Could not connect to a default or fallback server. Incorrectly configured address/port/firewall? 
[13:30:37] [Netty Worker IO Thread #2/INFO]: [/[0:0:0:0:0:0:0:1%0]:44168|sher] -> UpstreamBridge has disconnected
[13:31:37] [main/INFO]: Command not found
[13:31:48] [Netty Worker IO Thread #3/INFO] [EaglercraftXBungee]: [/[0:0:0:0:0:0:0:1%0]:36184]: Connected via websocket
[13:31:48] [Netty Worker IO Thread #3/INFO] [EaglercraftXBungee]: [/[0:0:0:0:0:0:0:1%0]:36184]: Origin header is null
[13:31:48] [Netty Worker IO Thread #3/INFO] [EaglercraftXBungee]: [/[0:0:0:0:0:0:0:1%0]:36184]: Logged in as 'sher'
[13:31:48] [Netty Worker IO Thread #3/INFO]: [/[0:0:0:0:0:0:0:1%0]:36184|sher] -> UpstreamBridge has connected
[13:31:48] [Netty Worker IO Thread #3/INFO]: [sher|/[0:0:0:0:0:0:0:1%0]:36184] <-> ServerConnector [lobby] has connected
[14:02:07] [Netty Worker IO Thread #3/INFO]: [/[0:0:0:0:0:0:0:1%0]:36184|sher] -> UpstreamBridge has disconnected
[14:02:07] [Netty Worker IO Thread #3/INFO]: [sher] disconnected with: Proxy lost connection to server.
[14:02:07] [Netty Worker IO Thread #3/INFO]: [/[0:0:0:0:0:0:0:1%0]:36184|sher] <-> DownstreamBridge <-> [lobby] has disconnected
[14:04:44] [Netty Worker IO Thread #5/INFO] [EaglercraftXBungee]: [/[0:0:0:0:0:0:0:1%0]:42986]: Connected via websocket
[14:04:44] [Netty Worker IO Thread #5/INFO] [EaglercraftXBungee]: [/[0:0:0:0:0:0:0:1%0]:42986]: Origin header is null
[14:04:45] [Netty Worker IO Thread #5/INFO] [EaglercraftXBungee]: [/[0:0:0:0:0:0:0:1%0]:42986]: Logged in as 'Gambit'
[14:04:45] [Netty Worker IO Thread #5/INFO]: [/[0:0:0:0:0:0:0:1%0]:42986|Gambit] -> UpstreamBridge has connected
[14:04:45] [Netty Worker IO Thread #5/INFO]: [Gambit|/[0:0:0:0:0:0:0:1%0]:42986] <-> ServerConnector [lobby] has connected
[14:06:07] [Netty Worker IO Thread #5/INFO]: [/[0:0:0:0:0:0:0:1%0]:42986|Gambit] -> UpstreamBridge has disconnected
[14:06:07] [Netty Worker IO Thread #5/INFO]: [Gambit] disconnected with: Proxy lost connection to server.
[14:06:07] [Netty Worker IO Thread #5/INFO]: [/[0:0:0:0:0:0:0:1%0]:42986|Gambit] <-> DownstreamBridge <-> [lobby] has disconnected
[14:08:26] [Netty Worker IO Thread #7/INFO] [EaglercraftXBungee]: [/[0:0:0:0:0:0:0:1%0]:54636]: Connected via websocket
[14:08:26] [Netty Worker IO Thread #7/INFO] [EaglercraftXBungee]: [/[0:0:0:0:0:0:0:1%0]:54636]: Origin header is null
[14:08:26] [Netty Worker IO Thread #7/INFO] [EaglercraftXBungee]: [/[0:0:0:0:0:0:0:1%0]:54636]: Logged in as 'sher'
[14:08:26] [Netty Worker IO Thread #7/INFO]: [/[0:0:0:0:0:0:0:1%0]:54636|sher] -> UpstreamBridge has connected
[14:08:26] [Netty Worker IO Thread #7/INFO]: [sher|/[0:0:0:0:0:0:0:1%0]:54636] <-> ServerConnector [lobby] has connected
[14:25:09] [Netty Worker IO Thread #0/INFO] [EaglercraftXBungee]: [/[0:0:0:0:0:0:0:1%0]:38554]: Connected via websocket
[14:25:09] [Netty Worker IO Thread #0/INFO] [EaglercraftXBungee]: [/[0:0:0:0:0:0:0:1%0]:38554]: Origin header is null
[14:25:09] [Netty Worker IO Thread #0/INFO] [EaglercraftXBungee]: [/[0:0:0:0:0:0:0:1%0]:38554]: Logged in as 'Gambit'
[14:25:09] [Netty Worker IO Thread #0/INFO]: [/[0:0:0:0:0:0:0:1%0]:38554|Gambit] -> UpstreamBridge has connected
[14:25:09] [Netty Worker IO Thread #0/INFO]: [Gambit|/[0:0:0:0:0:0:0:1%0]:38554] <-> ServerConnector [lobby] has connected
[14:30:53] [Netty Worker IO Thread #7/INFO]: [/[0:0:0:0:0:0:0:1%0]:54636|sher] -> UpstreamBridge has disconnected
[14:30:53] [Netty Worker IO Thread #7/INFO]: [sher] disconnected with: Proxy lost connection to server.
[14:30:53] [Netty Worker IO Thread #7/INFO]: [/[0:0:0:0:0:0:0:1%0]:54636|sher] <-> DownstreamBridge <-> [lobby] has disconnected
[14:30:54] [Netty Worker IO Thread #0/INFO]: [/[0:0:0:0:0:0:0:1%0]:38554|Gambit] -> UpstreamBridge has disconnected
[14:30:54] [Netty Worker IO Thread #0/INFO]: [Gambit] disconnected with: Proxy lost connection to server.
[14:30:54] [Netty Worker IO Thread #0/INFO]: [/[0:0:0:0:0:0:0:1%0]:38554|Gambit] <-> DownstreamBridge <-> [lobby] has disconnected
